[debug] [2021-03-26T00:04:27.603Z] ----------------------------------------------------------------------
[debug] [2021-03-26T00:04:27.622Z] Command:       C:\Program Files\nodejs\node.exe C:\Users\user\AppData\Roaming\npm\node_modules\firebase-tools\lib\bin\firebase.js init
[debug] [2021-03-26T00:04:27.622Z] CLI Version:   9.6.1
[debug] [2021-03-26T00:04:27.622Z] Platform:      win32
[debug] [2021-03-26T00:04:27.622Z] Node Version:  v12.18.3
[debug] [2021-03-26T00:04:27.633Z] Time:          Fri Mar 26 2021 02:04:27 GMT+0200 (South Africa Standard Time)
[debug] [2021-03-26T00:04:27.638Z] ----------------------------------------------------------------------
[debug] [2021-03-26T00:04:27.638Z] 
[debug] [2021-03-26T00:04:27.728Z] > command requires scopes: ["email","openid","https://www.googleapis.com/auth/cloudplatformprojects.readonly","https://www.googleapis.com/auth/firebase","https://www.googleapis.com/auth/cloud-platform"]
[debug] [2021-03-26T00:04:27.735Z] > authorizing via signed-in user
[info] 
     ######## #### ########  ######## ########     ###     ######  ########
     ##        ##  ##     ## ##       ##     ##  ##   ##  ##       ##
     ######    ##  ########  ######   ########  #########  ######  ######
     ##        ##  ##    ##  ##       ##     ## ##     ##       ## ##
     ##       #### ##     ## ######## ########  ##     ##  ######  ########

You're about to initialize a Firebase project in this directory:

  C:\Users\user\Documents\GitHub\squeekykleen

Before we get started, keep in mind:

  * You are initializing in an existing Firebase project directory

